<!DOCTYPE html>
<html class="no-js" lang="en">
<head>
	<meta charset="UTF-8">
	<meta name="viewport" content="width=device-width, initial-scale=1">
	<meta http-equiv="X-UA-Compatible" content="IE=edge">
	<title>postgresql中表的继承及分区表(四) - 河马的池塘</title>
	<script>(function(d,e){d[e]=d[e].replace("no-js","js");})(document.documentElement,"className");</script>
	<meta name="description" content="">
		<meta property="og:title" content="postgresql中表的继承及分区表(四)" />
<meta property="og:description" content="这边介绍一下分区的其他方面" />
<meta property="og:type" content="article" />
<meta property="og:url" content="http://pool.idyi.net/postgres/postgres-table-inheritance-4/" /><meta property="article:section" content="postgres" />
<meta property="article:published_time" content="2015-02-24T18:01:57+08:00" />
<meta property="article:modified_time" content="2015-02-24T18:01:57+08:00" />


	<link rel="preconnect" href="https://fonts.gstatic.com" crossorigin>
	<link rel="dns-prefetch" href="//fonts.googleapis.com">
	<link rel="dns-prefetch" href="//fonts.gstatic.com">
	<link rel="stylesheet" href="https://fonts.googleapis.com/css?family=Open+Sans:400,400i,700">

	<link rel="stylesheet" href="http://pool.idyi.net/css/style.css">
	

	<link rel="shortcut icon" href="http://pool.idyi.net/favicon.ico">
		
<script type="application/javascript">
var doNotTrack = false;
if (!doNotTrack) {
	window.ga=window.ga||function(){(ga.q=ga.q||[]).push(arguments)};ga.l=+new Date;
	ga('create', 'UA-92973579-1', 'auto');
	
	ga('send', 'pageview');
}
</script>
<script async src='https://www.google-analytics.com/analytics.js'></script>

</head>
<body class="body">
	<div class="container container--outer">
		<header class="header">
	<div class="container header__container">
		
	<div class="logo">
		<a class="logo__link" href="http://pool.idyi.net/" title="河马的池塘" rel="home">
			<div class="logo__item logo__text">
					<div class="logo__title">河马的池塘</div>
					<div class="logo__tagline">一些技术笔记</div>
				</div>
		</a>
	</div>
		
<nav class="menu">
	<button class="menu__btn" aria-haspopup="true" aria-expanded="false" tabindex="0">
		<span class="menu__btn-title" tabindex="-1">Menu</span>
	</button>
	<ul class="menu__list">
		<li class="menu__item">
			<a class="menu__link" href="http://pool.idyi.net/about">
				<i class='fa fa-info-circle'></i>
				<span class="menu__text">ABOUT ME</span>
				
			</a>
		</li>
	</ul>
</nav>

	</div>
</header>
		<div class="wrapper flex">
			<div class="primary">
			
<main class="main" role="main">
	<article class="post">
		<header class="post__header">
			<h1 class="post__title">postgresql中表的继承及分区表(四)</h1>
			<div class="post__meta meta"><div class="meta__item-author meta__item">
	<svg class="meta__icon icon icon-author" width="16" height="16" viewBox="0 0 12 16"><path d="M6 1c2.2 0 3.5 2 3.5 4.5C9.5 7 8.9 8.2 8 9c2.9.8 4 2.5 4 5v1H0v-1c0-2.5 1.1-4.2 4-5-.9-.8-1.5-2-1.5-3.5C2.5 3 3.8 1 6 1z"/></svg><span class="meta__text">Hippo</span>
</div>
<div class="meta__item-datetime meta__item">
	<svg class="meta__icon icon icon-time" width="16" height="14" viewBox="0 0 30 28"><path d="M15 0C7 0 1 6 1 14s6 14 14 14 14-6 14-14S23 0 15 0zm0 25C9 25 4 20 4 14S9 3 15 3s11 5 11 11-5 11-11 11zm1-18h-2v8.4l6.8 4.4L22 18l-6-3.8V7z"/></svg><time class="meta__text" datetime="2015-02-24T18:01:57&#43;08:00">2015-02-24</time></div><div class="meta__item-categories meta__item"><svg class="meta__icon icon icon-category" width="16" height="16" viewBox="0 0 16 16"><path d="m7 2l1 2h8v11h-16v-13z"/></svg><span class="meta__text"><a class="meta__link" href="http://pool.idyi.net/categories/postgresql/" rel="category">postgresql</a>
	</span>
</div></div>
		</header>
		
<div class="post__toc toc">
	<div class="toc__title">Page content</div>
	<div class="toc__menu">
		<nav id="TableOfContents">
  <ul>
    <li><a href="#分区查询优化-constraint-exclusion">分区查询优化-Constraint Exclusion</a></li>
    <li><a href="#pg支持的分区类型">PG支持的分区类型</a></li>
    <li><a href="#分区总结">分区总结</a></li>
  </ul>
</nav>
	</div>
</div><div class="content post__content clearfix">
			<p>这边介绍一下分区的其他方面</p>
<h2 id="分区查询优化-constraint-exclusion">分区查询优化-Constraint Exclusion</h2>
<blockquote>
<p>Oracle中这种技术叫分区裁剪(Partition Pruning),通过排除不需要的分区,只扫描特定分区来极大地优化sql查询</p>
</blockquote>
<p><strong>PG中的分区因为通过check约束来实现,因此查询条件中如果满足某些子分区的约束,就可以通过排除不必要的分区来提高查询效率</strong></p>
<p><em>这里我们通过执行计划来看一下pg的这个特性.</em></p>
<pre tabindex="0"><code>db01=&gt; show constraint_exclusion;
 constraint_exclusion 
----------------------
 partition
(1 row)

db01=&gt; explain select * from t_partition where log_date = date'2015-3-13';
                                          QUERY PLAN                                          
----------------------------------------------------------------------------------------------
 Append  (cost=0.00..13.67 rows=7 width=40)
   -&gt;  Seq Scan on t_partition  (cost=0.00..0.00 rows=1 width=40)
         Filter: (log_date = '2015-03-13'::date)
   -&gt;  Bitmap Heap Scan on t_partition_s200503  (cost=4.20..13.67 rows=6 width=40)
         Recheck Cond: (log_date = '2015-03-13'::date)
         -&gt;  Bitmap Index Scan on idx_t_partition_s200503_1  (cost=0.00..4.20 rows=6 width=0)
               Index Cond: (log_date = '2015-03-13'::date)
(7 rows)
</code></pre><blockquote>
<p>constraint_exclusion参数控制查询优化器是否使用这种技术.<br>
这里可以看到只查询了t_partition_s200503这个分区</p>
</blockquote>
<p><em>不使用此优化手段后的计划:</em></p>
<pre tabindex="0"><code>db01=&gt; set constraint_exclusion=off;
SET
db01=&gt; explain select * from t_partition where log_date = date'2015-3-13';
                                          QUERY PLAN                                          
----------------------------------------------------------------------------------------------
 Append  (cost=0.00..65.50 rows=25 width=40)
   -&gt;  Seq Scan on t_partition  (cost=0.00..0.00 rows=1 width=40)
         Filter: (log_date = '2015-03-13'::date)
   -&gt;  Bitmap Heap Scan on t_partition_s200502  (cost=4.20..13.67 rows=6 width=40)
         Recheck Cond: (log_date = '2015-03-13'::date)
         -&gt;  Bitmap Index Scan on idx_t_partition_s200502_1  (cost=0.00..4.20 rows=6 width=0)
               Index Cond: (log_date = '2015-03-13'::date)
   -&gt;  Bitmap Heap Scan on t_partition_s200503  (cost=4.20..13.67 rows=6 width=40)
         Recheck Cond: (log_date = '2015-03-13'::date)
         -&gt;  Bitmap Index Scan on idx_t_partition_s200503_1  (cost=0.00..4.20 rows=6 width=0)
               Index Cond: (log_date = '2015-03-13'::date)
   -&gt;  Bitmap Heap Scan on t_partition_s200504  (cost=4.20..13.67 rows=6 width=40)
         Recheck Cond: (log_date = '2015-03-13'::date)
         -&gt;  Bitmap Index Scan on idx_t_partition_s200504_1  (cost=0.00..4.20 rows=6 width=0)
               Index Cond: (log_date = '2015-03-13'::date)
   -&gt;  Seq Scan on t_partition_s200505  (cost=0.00..24.50 rows=6 width=40)
         Filter: (log_date = '2015-03-13'::date)
(17 rows)
</code></pre><p><em>可以看到优化器选择的方案是每个子分区全部扫描一遍,显而易见性能差距有多大.</em></p>
<h2 id="pg支持的分区类型">PG支持的分区类型</h2>
<ul>
<li>暂时只支持range partition 和 list partition</li>
<li>list 跟 range类似, 比如分公司表按各分公司代码分区的check 写法为 (check branch = &lsquo;1010100&rsquo; )</li>
</ul>
<h2 id="分区总结">分区总结</h2>
<p>总得来说pg的分区功能支持类型较少,与oracle相比较实现比较复杂.</p>
<p>这里还需要注意:</p>
<ol>
<li>各子分区建的check约束不要发生数据重叠情况.</li>
<li>直接更新分区关键字,迫使该记录映射到其他分区会失败,需要通过变通方法实现.</li>
</ol>
<pre tabindex="0"><code>db01=&gt; select * from t_partition;
 id | msg  |  log_date  
----+------+------------
  2 | msg2 | 2015-02-13
  3 | msg3 | 2015-03-02
  4 | msg4 | 2015-04-12
(3 rows)

db01=&gt; update t_partition set log_date = date'2015-3-20' where id = 4;
ERROR:  new row for relation &quot;t_partition_s200504&quot; violates check constraint &quot;t_partition_s200504_log_date_check&quot;
DETAIL:  Failing row contains (4, msg4, 2015-03-20).
db01=&gt; with t as (
db01(&gt; delete from t_partition where id =4 returning * )
db01-&gt; insert into t_partition select t.id,t.msg,date'2015-03-20' from t;
INSERT 0 0
</code></pre><blockquote>
<p>或者可以通过触发器来实现</p>
</blockquote>
<p><strong>3. 约束排除(Constraint Exclusion)对于诸如now()等不确定的值不能使用此技术来优化.</strong></p>
<pre tabindex="0"><code>db01=&gt; show constraint_exclusion;
 constraint_exclusion 
----------------------
 partition
(1 row)

db01=&gt; explain select * from t_partition where log_date = now();
                                          QUERY PLAN                                          
----------------------------------------------------------------------------------------------
 Append  (cost=0.00..68.45 rows=25 width=40)
   -&gt;  Seq Scan on t_partition  (cost=0.00..0.00 rows=1 width=40)
         Filter: (log_date = now())
   -&gt;  Bitmap Heap Scan on t_partition_s200502  (cost=4.20..13.68 rows=6 width=40)
         Recheck Cond: (log_date = now())
         -&gt;  Bitmap Index Scan on idx_t_partition_s200502_1  (cost=0.00..4.20 rows=6 width=0)
               Index Cond: (log_date = now())
   -&gt;  Bitmap Heap Scan on t_partition_s200503  (cost=4.20..13.68 rows=6 width=40)
         Recheck Cond: (log_date = now())
         -&gt;  Bitmap Index Scan on idx_t_partition_s200503_1  (cost=0.00..4.20 rows=6 width=0)
               Index Cond: (log_date = now())
   -&gt;  Bitmap Heap Scan on t_partition_s200504  (cost=4.20..13.68 rows=6 width=40)
         Recheck Cond: (log_date = now())
         -&gt;  Bitmap Index Scan on idx_t_partition_s200504_1  (cost=0.00..4.20 rows=6 width=0)
               Index Cond: (log_date = now())
   -&gt;  Seq Scan on t_partition_s200505  (cost=0.00..27.40 rows=6 width=40)
         Filter: (log_date = now())
(17 rows)
</code></pre><p><strong>4. 由于计划器进行constraint_exclusion时,对每个子分区的约束检查,因此子分区太多会影响解析的性能,官方所说的百八十个性能还可以我没有机会测试.不要超过千八百个..</strong></p>
<p>//END</p>
		</div>
		<footer class="post__footer">
			
<div class="post__tags tags clearfix">
	<svg class="tags__badge icon icon-tag" width="16" height="16" viewBox="0 0 32 32"><path d="M32 19c0 1-1 2-1 2L21 31s-1 1-2 1-2-1-2-1L2 16c-1-1-1.4-2-1.4-2S0 12.5 0 11V3C0 1.5.8.8.8.8S1.5 0 3 0h8c1.5 0 3 .6 3 .6S15 1 16 2l15 15s1 1 1 2zM7 10a3 3 0 1 0 0-6 3 3 0 0 0 0 6z"/></svg>
	<ul class="tags__list">
		<li class="tags__item">
			<a class="tags__link btn" href="http://pool.idyi.net/tags/postgres/" rel="tag">postgres</a>
		</li>
		<li class="tags__item">
			<a class="tags__link btn" href="http://pool.idyi.net/tags/inheritance/" rel="tag">inheritance</a>
		</li>
		<li class="tags__item">
			<a class="tags__link btn" href="http://pool.idyi.net/tags/table/" rel="tag">table</a>
		</li>
		<li class="tags__item">
			<a class="tags__link btn" href="http://pool.idyi.net/tags/partition/" rel="tag">partition</a>
		</li>
	</ul>
</div>
		</footer>
	</article>
</main>

<div class="authorbox clearfix">
	<figure class="authorbox__avatar">
		<img alt="Hippo avatar" src="http://pool.idyi.net/img/avatar.jpg" class="avatar" height="90" width="90">
	</figure>
	<div class="authorbox__header">
		<span class="authorbox__name">About Hippo</span>
	</div>
	<div class="authorbox__description">
		Hippo&rsquo;s true identity is unknown. Maybe he is a successful blogger or writer. Nobody knows it.
	</div>
</div>

<nav class="pager flex">
	<div class="pager__item pager__item--prev">
		<a class="pager__link" href="http://pool.idyi.net/postgres/postgres-table-inheritance-3/" rel="prev">
			<span class="pager__subtitle">«&thinsp;Previous</span>
			<p class="pager__title">postgresql中表的继承及分区表(三)</p>
		</a>
	</div>
	<div class="pager__item pager__item--next">
		<a class="pager__link" href="http://pool.idyi.net/postgres/postgres-func-comparision/" rel="next">
			<span class="pager__subtitle">Next&thinsp;»</span>
			<p class="pager__title">postgresql 逻辑和比较操作</p>
		</a>
	</div>
</nav>

<section class="comments">
	<div id="disqus_thread"></div>
<script type="application/javascript">
    var disqus_config = function () {
    
    
    
    };
    (function() {
        if (["localhost", "127.0.0.1"].indexOf(window.location.hostname) != -1) {
            document.getElementById('disqus_thread').innerHTML = 'Disqus comments not available by default when the website is previewed locally.';
            return;
        }
        var d = document, s = d.createElement('script'); s.async = true;
        s.src = '//' + "hippool" + '.disqus.com/embed.js';
        s.setAttribute('data-timestamp', +new Date());
        (d.head || d.body).appendChild(s);
    })();
</script>
<noscript>Please enable JavaScript to view the <a href="https://disqus.com/?ref_noscript">comments powered by Disqus.</a></noscript>
<a href="https://disqus.com" class="dsq-brlink">comments powered by <span class="logo-disqus">Disqus</span></a>
</section>


			</div>
			
		</div>
		<footer class="footer">
	<div class="container footer__container flex">
		
		<div class="footer__copyright">
			&copy; 2021 河马的池塘.
			<span class="footer__copyright-credits">Generated with <a href="https://gohugo.io/" rel="nofollow noopener" target="_blank">Hugo</a> and <a href="https://github.com/Vimux/Mainroad/" rel="nofollow noopener" target="_blank">Mainroad</a> theme.</span>
		</div>
	</div>
</footer>
	</div>
<script async defer src="http://pool.idyi.net/js/menu.js"></script>
</body>
</html>